<?xml version="1.0" encoding="UTF-8"?>
<!-- Generated by org.testng.reporters.JUnitXMLReporter -->
<testsuite ignored="0" hostname="VARSHINI" failures="3" tests="15" name="RoomServiceTests" time="3.18" errors="0" timestamp="2025-08-13T00:46:01 IST">
  <testcase classname="tests.RoomServiceTests" name="viewRoomList_status200" time="0.186"/>
  <testcase classname="tests.RoomServiceTests" name="viewRoomList_responseTimeBelow2s" time="0.173"/>
  <testcase classname="tests.RoomServiceTests" name="viewRoomList_bodyNotEmpty" time="0.195"/>
  <testcase classname="tests.RoomServiceTests" name="viewRoomList_bodyIsEmpty_Fail" time="0.208">
    <failure type="java.lang.AssertionError" message="Intentional fail - body is expected null expected [null] but found [[{&amp;quot;roomId&amp;quot;:101,&amp;quot;hotelId&amp;quot;:&amp;quot;H2001&amp;quot;,&amp;quot;roomType&amp;quot;:&amp;quot;SINGLE&amp;quot;,&amp;quot;roomStatus&amp;quot;:&amp;quot;AVAILABLE&amp;quot;,&amp;quot;roomPrice&amp;quot;:1200.0},{&amp;quot;roomId&amp;quot;:301,&amp;quot;hotelId&amp;quot;:&amp;quot;H2001&amp;quot;,&amp;quot;roomType&amp;quot;:&amp;quot;DELUXE&amp;quot;,&amp;quot;roomStatus&amp;quot;:&amp;quot;NOTAVAILABLE&amp;quot;,&amp;quot;roomPrice&amp;quot;:5000.0},{&amp;quot;roomId&amp;quot;:701,&amp;quot;hotelId&amp;quot;:&amp;quot;H2001&amp;quot;,&amp;quot;roomType&amp;quot;:&amp;quot;DOUBLE&amp;quot;,&amp;quot;roomStatus&amp;quot;:&amp;quot;AVAILABLE&amp;quot;,&amp;quot;roomPrice&amp;quot;:5500.0}]]">
      <![CDATA[java.lang.AssertionError: Intentional fail - body is expected null expected [null] but found [[{"roomId":101,"hotelId":"H2001","roomType":"SINGLE","roomStatus":"AVAILABLE","roomPrice":1200.0},{"roomId":301,"hotelId":"H2001","roomType":"DELUXE","roomStatus":"NOTAVAILABLE","roomPrice":5000.0},{"roomId":701,"hotelId":"H2001","roomType":"DOUBLE","roomStatus":"AVAILABLE","roomPrice":5500.0}]]
at tests.RoomServiceTests.viewRoomList_bodyIsEmpty_Fail(RoomServiceTests.java:60)
at java.base/java.util.ArrayList.forEach(ArrayList.java:1596)
... Removed 28 stack frames]]>
    </failure>
  </testcase> <!-- viewRoomList_bodyIsEmpty_Fail -->
  <testcase classname="tests.RoomServiceTests" name="viewRoomById_status200" time="0.174"/>
  <testcase classname="tests.RoomServiceTests" name="viewRoomById_responseTimeBelow2s" time="0.149"/>
  <testcase classname="tests.RoomServiceTests" name="viewRoomById_contains101" time="0.169"/>
  <testcase classname="tests.RoomServiceTests" name="viewRoomByType_matchesType" time="0.199"/>
  <testcase classname="tests.RoomServiceTests" name="viewRoomByType_matchesType" time="0.211"/>
  <testcase classname="tests.RoomServiceTests" name="viewRoomByType_matchesType" time="0.169"/>
  <testcase classname="tests.RoomServiceTests" name="addRoom_status200_andVerify" time="0.502">
    <failure type="java.lang.AssertionError" message="expected [11] but found [10130170111]">
      <![CDATA[java.lang.AssertionError: expected [11] but found [10130170111]
at tests.RoomServiceTests.addRoom_status200_andVerify(RoomServiceTests.java:124)
at java.base/java.util.ArrayList.forEach(ArrayList.java:1596)
... Removed 31 stack frames]]>
    </failure>
  </testcase> <!-- addRoom_status200_andVerify -->
  <testcase classname="tests.RoomServiceTests" name="addRoom_invalidRoomShouldNotExist_Fail" time="0.216">
    <failure type="java.lang.AssertionError" message="Intentional fail - invalid roomId should not exist expected [true] but found [false]">
      <![CDATA[java.lang.AssertionError: Intentional fail - invalid roomId should not exist expected [true] but found [false]
at tests.RoomServiceTests.addRoom_invalidRoomShouldNotExist_Fail(RoomServiceTests.java:136)
at java.base/java.util.ArrayList.forEach(ArrayList.java:1596)
... Removed 28 stack frames]]>
    </failure>
  </testcase> <!-- addRoom_invalidRoomShouldNotExist_Fail -->
  <testcase classname="tests.RoomServiceTests" name="updateRoomPrice_status200_andVerify" time="0.164"/>
  <testcase classname="tests.RoomServiceTests" name="deleteRoomById_status200_andVerifyDeleted" time="0.156"/>
  <testcase classname="tests.RoomServiceTests" name="deleteRoomById_roomStillExists_Fail" time="0.168"/>
</testsuite> <!-- RoomServiceTests -->
