<?xml version="1.0" encoding="UTF-8"?>
<!-- Generated by org.testng.reporters.JUnitXMLReporter -->
<testsuite ignored="0" hostname="VARSHINI" failures="3" tests="23" name="API Tests" time="8.631" errors="0" timestamp="2025-08-13T12:20:02 IST">
  <testcase classname="tests.AuthTests" name="twoStepAuth_statusCode200" time="2.557"/>
  <testcase classname="tests.AuthTests" name="twoStepAuth_authCodeNotNull" time="0.001"/>
  <testcase classname="tests.AuthTests" name="tokenRequest_statusCode200" time="0.244"/>
  <testcase classname="tests.AuthTests" name="tokenRequest_accessTokenNotNull" time="0.001"/>
  <testcase classname="tests.RoomServiceTests" name="viewRoomList_status200" time="0.247"/>
  <testcase classname="tests.RoomServiceTests" name="viewRoomList_responseTimeBelow2s" time="0.195"/>
  <testcase classname="tests.RoomServiceTests" name="viewRoomList_bodyNotEmpty" time="0.208"/>
  <testcase classname="tests.RoomServiceTests" name="viewRoomList_bodyIsEmpty_Fail" time="0.226">
    <failure type="java.lang.AssertionError" message="Intentional fail - body is expected null expected [null] but found [[{&amp;quot;roomId&amp;quot;:101,&amp;quot;hotelId&amp;quot;:&amp;quot;H2001&amp;quot;,&amp;quot;roomType&amp;quot;:&amp;quot;SINGLE&amp;quot;,&amp;quot;roomStatus&amp;quot;:&amp;quot;AVAILABLE&amp;quot;,&amp;quot;roomPrice&amp;quot;:1200.0},{&amp;quot;roomId&amp;quot;:301,&amp;quot;hotelId&amp;quot;:&amp;quot;H2001&amp;quot;,&amp;quot;roomType&amp;quot;:&amp;quot;DELUXE&amp;quot;,&amp;quot;roomStatus&amp;quot;:&amp;quot;NOTAVAILABLE&amp;quot;,&amp;quot;roomPrice&amp;quot;:5000.0},{&amp;quot;roomId&amp;quot;:701,&amp;quot;hotelId&amp;quot;:&amp;quot;H2001&amp;quot;,&amp;quot;roomType&amp;quot;:&amp;quot;DOUBLE&amp;quot;,&amp;quot;roomStatus&amp;quot;:&amp;quot;AVAILABLE&amp;quot;,&amp;quot;roomPrice&amp;quot;:5500.0}]]">
      <![CDATA[java.lang.AssertionError: Intentional fail - body is expected null expected [null] but found [[{"roomId":101,"hotelId":"H2001","roomType":"SINGLE","roomStatus":"AVAILABLE","roomPrice":1200.0},{"roomId":301,"hotelId":"H2001","roomType":"DELUXE","roomStatus":"NOTAVAILABLE","roomPrice":5000.0},{"roomId":701,"hotelId":"H2001","roomType":"DOUBLE","roomStatus":"AVAILABLE","roomPrice":5500.0}]]
at tests.RoomServiceTests.viewRoomList_bodyIsEmpty_Fail(RoomServiceTests.java:60)
at java.base/java.util.ArrayList.forEach(ArrayList.java:1596)
... Removed 28 stack frames]]>
    </failure>
  </testcase> <!-- viewRoomList_bodyIsEmpty_Fail -->
  <testcase classname="tests.RoomServiceTests" name="viewRoomById_status200" time="0.22"/>
  <testcase classname="tests.RoomServiceTests" name="viewRoomById_responseTimeBelow2s" time="0.208"/>
  <testcase classname="tests.RoomServiceTests" name="viewRoomById_contains101" time="0.213"/>
  <testcase classname="tests.RoomServiceTests" name="viewRoomByType_status200" time="0.199"/>
  <testcase classname="tests.RoomServiceTests" name="viewRoomByType_matchesType" time="0.208"/>
  <testcase classname="tests.RoomServiceTests" name="viewRoomByType_matchesType" time="0.216"/>
  <testcase classname="tests.RoomServiceTests" name="viewRoomByType_matchesType" time="0.206"/>
  <testcase classname="tests.RoomServiceTests" name="addRoom_statusCodeIs200" time="0.263"/>
  <testcase classname="tests.RoomServiceTests" name="addRoom_verifyRoomDetails" time="0.355">
    <failure type="java.lang.AssertionError" message="expected [11] but found [10130170111]">
      <![CDATA[java.lang.AssertionError: expected [11] but found [10130170111]
at tests.RoomServiceTests.addRoom_verifyRoomDetails(RoomServiceTests.java:148)
at java.base/java.util.ArrayList.forEach(ArrayList.java:1596)
... Removed 31 stack frames]]>
    </failure>
  </testcase> <!-- addRoom_verifyRoomDetails -->
  <testcase classname="tests.RoomServiceTests" name="addRoom_invalidRoomShouldNotExist_Fail" time="0.208">
    <failure type="java.lang.AssertionError" message="Intentional fail - invalid roomId should not exist expected [true] but found [false]">
      <![CDATA[java.lang.AssertionError: Intentional fail - invalid roomId should not exist expected [true] but found [false]
at tests.RoomServiceTests.addRoom_invalidRoomShouldNotExist_Fail(RoomServiceTests.java:160)
at java.base/java.util.ArrayList.forEach(ArrayList.java:1596)
... Removed 28 stack frames]]>
    </failure>
  </testcase> <!-- addRoom_invalidRoomShouldNotExist_Fail -->
  <testcase classname="tests.RoomServiceTests" name="updateRoomPrice_statusCodeIs200" time="0.193"/>
  <testcase classname="tests.RoomServiceTests" name="updateRoomPrice_verifyUpdatedPriceInResponse" time="0.56"/>
  <testcase classname="tests.RoomServiceTests" name="deleteRoomById_statusCodeIs200" time="0.212"/>
  <testcase classname="tests.RoomServiceTests" name="deleteRoomById_verifyRoomIsDeleted" time="0.215"/>
  <testcase classname="tests.RoomServiceTests" name="deleteRoomById_roomStillExists_Fail" time="0.198"/>
</testsuite> <!-- API Tests -->
